<?xml version="1.0" encoding="UTF-8"?>
<testsuite xmlns:xsi="http://www.w3.org/2001/XMLSchema-instance" xsi:noNamespaceSchemaLocation="https://maven.apache.org/surefire/maven-surefire-plugin/xsd/surefire-test-report.xsd" name="com.example.seckilldemo.SeckillDemoApplicationTests" time="3.836" tests="1" errors="0" skipped="0" failures="0">
  <properties>
    <property name="sun.desktop" value="windows"/>
    <property name="awt.toolkit" value="sun.awt.windows.WToolkit"/>
    <property name="file.encoding.pkg" value="sun.io"/>
    <property name="java.specification.version" value="1.8"/>
    <property name="sun.cpu.isalist" value="amd64"/>
    <property name="sun.jnu.encoding" value="GBK"/>
    <property name="java.class.path" value="D:\JAVA_Project\seckill-demo\target\test-classes;D:\JAVA_Project\seckill-demo\target\classes;D:\Maven\mvn_resp\org\springframework\boot\spring-boot-starter-thymeleaf\2.5.0\spring-boot-starter-thymeleaf-2.5.0.jar;D:\Maven\mvn_resp\org\springframework\boot\spring-boot-starter\2.5.0\spring-boot-starter-2.5.0.jar;D:\Maven\mvn_resp\org\springframework\boot\spring-boot\2.5.0\spring-boot-2.5.0.jar;D:\Maven\mvn_resp\org\springframework\boot\spring-boot-starter-logging\2.5.0\spring-boot-starter-logging-2.5.0.jar;D:\Maven\mvn_resp\ch\qos\logback\logback-classic\1.2.3\logback-classic-1.2.3.jar;D:\Maven\mvn_resp\ch\qos\logback\logback-core\1.2.3\logback-core-1.2.3.jar;D:\Maven\mvn_resp\org\apache\logging\log4j\log4j-to-slf4j\2.14.1\log4j-to-slf4j-2.14.1.jar;D:\Maven\mvn_resp\org\apache\logging\log4j\log4j-api\2.14.1\log4j-api-2.14.1.jar;D:\Maven\mvn_resp\org\slf4j\jul-to-slf4j\1.7.30\jul-to-slf4j-1.7.30.jar;D:\Maven\mvn_resp\jakarta\annotation\jakarta.annotation-api\1.3.5\jakarta.annotation-api-1.3.5.jar;D:\Maven\mvn_resp\org\yaml\snakeyaml\1.28\snakeyaml-1.28.jar;D:\Maven\mvn_resp\org\thymeleaf\thymeleaf-spring5\3.0.12.RELEASE\thymeleaf-spring5-3.0.12.RELEASE.jar;D:\Maven\mvn_resp\org\thymeleaf\thymeleaf\3.0.12.RELEASE\thymeleaf-3.0.12.RELEASE.jar;D:\Maven\mvn_resp\org\attoparser\attoparser\2.0.5.RELEASE\attoparser-2.0.5.RELEASE.jar;D:\Maven\mvn_resp\org\unbescape\unbescape\1.1.6.RELEASE\unbescape-1.1.6.RELEASE.jar;D:\Maven\mvn_resp\org\slf4j\slf4j-api\1.7.30\slf4j-api-1.7.30.jar;D:\Maven\mvn_resp\org\thymeleaf\extras\thymeleaf-extras-java8time\3.0.4.RELEASE\thymeleaf-extras-java8time-3.0.4.RELEASE.jar;D:\Maven\mvn_resp\org\springframework\boot\spring-boot-starter-web\2.5.0\spring-boot-starter-web-2.5.0.jar;D:\Maven\mvn_resp\org\springframework\boot\spring-boot-starter-json\2.5.0\spring-boot-starter-json-2.5.0.jar;D:\Maven\mvn_resp\com\fasterxml\jackson\core\jackson-databind\2.12.3\jackson-databind-2.12.3.jar;D:\Maven\mvn_resp\com\fasterxml\jackson\core\jackson-annotations\2.12.3\jackson-annotations-2.12.3.jar;D:\Maven\mvn_resp\com\fasterxml\jackson\core\jackson-core\2.12.3\jackson-core-2.12.3.jar;D:\Maven\mvn_resp\com\fasterxml\jackson\datatype\jackson-datatype-jdk8\2.12.3\jackson-datatype-jdk8-2.12.3.jar;D:\Maven\mvn_resp\com\fasterxml\jackson\datatype\jackson-datatype-jsr310\2.12.3\jackson-datatype-jsr310-2.12.3.jar;D:\Maven\mvn_resp\com\fasterxml\jackson\module\jackson-module-parameter-names\2.12.3\jackson-module-parameter-names-2.12.3.jar;D:\Maven\mvn_resp\org\springframework\boot\spring-boot-starter-tomcat\2.5.0\spring-boot-starter-tomcat-2.5.0.jar;D:\Maven\mvn_resp\org\apache\tomcat\embed\tomcat-embed-core\9.0.46\tomcat-embed-core-9.0.46.jar;D:\Maven\mvn_resp\org\apache\tomcat\embed\tomcat-embed-websocket\9.0.46\tomcat-embed-websocket-9.0.46.jar;D:\Maven\mvn_resp\org\springframework\spring-web\5.3.7\spring-web-5.3.7.jar;D:\Maven\mvn_resp\org\springframework\spring-beans\5.3.7\spring-beans-5.3.7.jar;D:\Maven\mvn_resp\org\springframework\spring-webmvc\5.3.7\spring-webmvc-5.3.7.jar;D:\Maven\mvn_resp\org\springframework\spring-aop\5.3.7\spring-aop-5.3.7.jar;D:\Maven\mvn_resp\org\springframework\spring-context\5.3.7\spring-context-5.3.7.jar;D:\Maven\mvn_resp\org\springframework\spring-expression\5.3.7\spring-expression-5.3.7.jar;D:\Maven\mvn_resp\mysql\mysql-connector-java\8.0.25\mysql-connector-java-8.0.25.jar;D:\Maven\mvn_resp\org\projectlombok\lombok\1.18.20\lombok-1.18.20.jar;D:\Maven\mvn_resp\org\springframework\boot\spring-boot-starter-test\2.5.0\spring-boot-starter-test-2.5.0.jar;D:\Maven\mvn_resp\org\springframework\boot\spring-boot-test\2.5.0\spring-boot-test-2.5.0.jar;D:\Maven\mvn_resp\org\springframework\boot\spring-boot-test-autoconfigure\2.5.0\spring-boot-test-autoconfigure-2.5.0.jar;D:\Maven\mvn_resp\com\jayway\jsonpath\json-path\2.5.0\json-path-2.5.0.jar;D:\Maven\mvn_resp\net\minidev\json-smart\2.4.7\json-smart-2.4.7.jar;D:\Maven\mvn_resp\net\minidev\accessors-smart\2.4.7\accessors-smart-2.4.7.jar;D:\Maven\mvn_resp\org\ow2\asm\asm\9.1\asm-9.1.jar;D:\Maven\mvn_resp\jakarta\xml\bind\jakarta.xml.bind-api\2.3.3\jakarta.xml.bind-api-2.3.3.jar;D:\Maven\mvn_resp\jakarta\activation\jakarta.activation-api\1.2.2\jakarta.activation-api-1.2.2.jar;D:\Maven\mvn_resp\org\assertj\assertj-core\3.19.0\assertj-core-3.19.0.jar;D:\Maven\mvn_resp\org\hamcrest\hamcrest\2.2\hamcrest-2.2.jar;D:\Maven\mvn_resp\org\junit\jupiter\junit-jupiter\5.7.2\junit-jupiter-5.7.2.jar;D:\Maven\mvn_resp\org\junit\jupiter\junit-jupiter-api\5.7.2\junit-jupiter-api-5.7.2.jar;D:\Maven\mvn_resp\org\apiguardian\apiguardian-api\1.1.0\apiguardian-api-1.1.0.jar;D:\Maven\mvn_resp\org\opentest4j\opentest4j\1.2.0\opentest4j-1.2.0.jar;D:\Maven\mvn_resp\org\junit\platform\junit-platform-commons\1.7.2\junit-platform-commons-1.7.2.jar;D:\Maven\mvn_resp\org\junit\jupiter\junit-jupiter-params\5.7.2\junit-jupiter-params-5.7.2.jar;D:\Maven\mvn_resp\org\junit\jupiter\junit-jupiter-engine\5.7.2\junit-jupiter-engine-5.7.2.jar;D:\Maven\mvn_resp\org\junit\platform\junit-platform-engine\1.7.2\junit-platform-engine-1.7.2.jar;D:\Maven\mvn_resp\org\mockito\mockito-core\3.9.0\mockito-core-3.9.0.jar;D:\Maven\mvn_resp\net\bytebuddy\byte-buddy\1.10.22\byte-buddy-1.10.22.jar;D:\Maven\mvn_resp\net\bytebuddy\byte-buddy-agent\1.10.22\byte-buddy-agent-1.10.22.jar;D:\Maven\mvn_resp\org\objenesis\objenesis\3.2\objenesis-3.2.jar;D:\Maven\mvn_resp\org\mockito\mockito-junit-jupiter\3.9.0\mockito-junit-jupiter-3.9.0.jar;D:\Maven\mvn_resp\org\skyscreamer\jsonassert\1.5.0\jsonassert-1.5.0.jar;D:\Maven\mvn_resp\com\vaadin\external\google\android-json\0.0.20131108.vaadin1\android-json-0.0.20131108.vaadin1.jar;D:\Maven\mvn_resp\org\springframework\spring-core\5.3.7\spring-core-5.3.7.jar;D:\Maven\mvn_resp\org\springframework\spring-jcl\5.3.7\spring-jcl-5.3.7.jar;D:\Maven\mvn_resp\org\springframework\spring-test\5.3.7\spring-test-5.3.7.jar;D:\Maven\mvn_resp\org\xmlunit\xmlunit-core\2.8.2\xmlunit-core-2.8.2.jar;D:\Maven\mvn_resp\com\baomidou\mybatis-plus-boot-starter\3.4.2\mybatis-plus-boot-starter-3.4.2.jar;D:\Maven\mvn_resp\com\baomidou\mybatis-plus\3.4.2\mybatis-plus-3.4.2.jar;D:\Maven\mvn_resp\com\baomidou\mybatis-plus-extension\3.4.2\mybatis-plus-extension-3.4.2.jar;D:\Maven\mvn_resp\com\baomidou\mybatis-plus-core\3.4.2\mybatis-plus-core-3.4.2.jar;D:\Maven\mvn_resp\com\baomidou\mybatis-plus-annotation\3.4.2\mybatis-plus-annotation-3.4.2.jar;D:\Maven\mvn_resp\com\github\jsqlparser\jsqlparser\4.0\jsqlparser-4.0.jar;D:\Maven\mvn_resp\org\mybatis\mybatis\3.5.6\mybatis-3.5.6.jar;D:\Maven\mvn_resp\org\mybatis\mybatis-spring\2.0.5\mybatis-spring-2.0.5.jar;D:\Maven\mvn_resp\org\springframework\boot\spring-boot-autoconfigure\2.5.0\spring-boot-autoconfigure-2.5.0.jar;D:\Maven\mvn_resp\org\springframework\boot\spring-boot-starter-jdbc\2.5.0\spring-boot-starter-jdbc-2.5.0.jar;D:\Maven\mvn_resp\com\zaxxer\HikariCP\4.0.3\HikariCP-4.0.3.jar;D:\Maven\mvn_resp\org\springframework\spring-jdbc\5.3.7\spring-jdbc-5.3.7.jar;D:\Maven\mvn_resp\commons-codec\commons-codec\1.15\commons-codec-1.15.jar;D:\Maven\mvn_resp\org\apache\commons\commons-lang3\3.12.0\commons-lang3-3.12.0.jar;D:\Maven\mvn_resp\org\springframework\boot\spring-boot-starter-validation\2.5.0\spring-boot-starter-validation-2.5.0.jar;D:\Maven\mvn_resp\org\apache\tomcat\embed\tomcat-embed-el\9.0.46\tomcat-embed-el-9.0.46.jar;D:\Maven\mvn_resp\org\hibernate\validator\hibernate-validator\6.2.0.Final\hibernate-validator-6.2.0.Final.jar;D:\Maven\mvn_resp\jakarta\validation\jakarta.validation-api\2.0.2\jakarta.validation-api-2.0.2.jar;D:\Maven\mvn_resp\org\jboss\logging\jboss-logging\3.4.1.Final\jboss-logging-3.4.1.Final.jar;D:\Maven\mvn_resp\com\fasterxml\classmate\1.5.1\classmate-1.5.1.jar;D:\Maven\mvn_resp\org\springframework\boot\spring-boot-starter-data-redis\2.5.0\spring-boot-starter-data-redis-2.5.0.jar;D:\Maven\mvn_resp\org\springframework\data\spring-data-redis\2.5.1\spring-data-redis-2.5.1.jar;D:\Maven\mvn_resp\org\springframework\data\spring-data-keyvalue\2.5.1\spring-data-keyvalue-2.5.1.jar;D:\Maven\mvn_resp\org\springframework\data\spring-data-commons\2.5.1\spring-data-commons-2.5.1.jar;D:\Maven\mvn_resp\org\springframework\spring-tx\5.3.7\spring-tx-5.3.7.jar;D:\Maven\mvn_resp\org\springframework\spring-oxm\5.3.7\spring-oxm-5.3.7.jar;D:\Maven\mvn_resp\org\springframework\spring-context-support\5.3.7\spring-context-support-5.3.7.jar;D:\Maven\mvn_resp\io\lettuce\lettuce-core\6.1.2.RELEASE\lettuce-core-6.1.2.RELEASE.jar;D:\Maven\mvn_resp\io\netty\netty-common\4.1.65.Final\netty-common-4.1.65.Final.jar;D:\Maven\mvn_resp\io\netty\netty-handler\4.1.65.Final\netty-handler-4.1.65.Final.jar;D:\Maven\mvn_resp\io\netty\netty-resolver\4.1.65.Final\netty-resolver-4.1.65.Final.jar;D:\Maven\mvn_resp\io\netty\netty-buffer\4.1.65.Final\netty-buffer-4.1.65.Final.jar;D:\Maven\mvn_resp\io\netty\netty-codec\4.1.65.Final\netty-codec-4.1.65.Final.jar;D:\Maven\mvn_resp\io\netty\netty-transport\4.1.65.Final\netty-transport-4.1.65.Final.jar;D:\Maven\mvn_resp\io\projectreactor\reactor-core\3.4.6\reactor-core-3.4.6.jar;D:\Maven\mvn_resp\org\reactivestreams\reactive-streams\1.0.3\reactive-streams-1.0.3.jar;D:\Maven\mvn_resp\org\apache\commons\commons-pool2\2.9.0\commons-pool2-2.9.0.jar;"/>
    <property name="java.vm.vendor" value="Oracle Corporation"/>
    <property name="sun.arch.data.model" value="64"/>
    <property name="user.variant" value=""/>
    <property name="java.vendor.url" value="http://java.oracle.com/"/>
    <property name="user.timezone" value="Asia/Shanghai"/>
    <property name="java.vm.specification.version" value="1.8"/>
    <property name="os.name" value="Windows 10"/>
    <property name="user.country" value="CN"/>
    <property name="sun.java.launcher" value="SUN_STANDARD"/>
    <property name="sun.boot.library.path" value="C:\Program Files\Java\jdk1.8.0_172\jre\bin"/>
    <property name="sun.java.command" value="C:\Users\Jade\AppData\Local\Temp\surefire9078351702402596792\surefirebooter561144994918581877.jar C:\Users\Jade\AppData\Local\Temp\surefire9078351702402596792 2022-12-12T21-02-37_506-jvmRun1 surefire2186620823012945706tmp surefire_0178066382162985509tmp"/>
    <property name="surefire.test.class.path" value="D:\JAVA_Project\seckill-demo\target\test-classes;D:\JAVA_Project\seckill-demo\target\classes;D:\Maven\mvn_resp\org\springframework\boot\spring-boot-starter-thymeleaf\2.5.0\spring-boot-starter-thymeleaf-2.5.0.jar;D:\Maven\mvn_resp\org\springframework\boot\spring-boot-starter\2.5.0\spring-boot-starter-2.5.0.jar;D:\Maven\mvn_resp\org\springframework\boot\spring-boot\2.5.0\spring-boot-2.5.0.jar;D:\Maven\mvn_resp\org\springframework\boot\spring-boot-starter-logging\2.5.0\spring-boot-starter-logging-2.5.0.jar;D:\Maven\mvn_resp\ch\qos\logback\logback-classic\1.2.3\logback-classic-1.2.3.jar;D:\Maven\mvn_resp\ch\qos\logback\logback-core\1.2.3\logback-core-1.2.3.jar;D:\Maven\mvn_resp\org\apache\logging\log4j\log4j-to-slf4j\2.14.1\log4j-to-slf4j-2.14.1.jar;D:\Maven\mvn_resp\org\apache\logging\log4j\log4j-api\2.14.1\log4j-api-2.14.1.jar;D:\Maven\mvn_resp\org\slf4j\jul-to-slf4j\1.7.30\jul-to-slf4j-1.7.30.jar;D:\Maven\mvn_resp\jakarta\annotation\jakarta.annotation-api\1.3.5\jakarta.annotation-api-1.3.5.jar;D:\Maven\mvn_resp\org\yaml\snakeyaml\1.28\snakeyaml-1.28.jar;D:\Maven\mvn_resp\org\thymeleaf\thymeleaf-spring5\3.0.12.RELEASE\thymeleaf-spring5-3.0.12.RELEASE.jar;D:\Maven\mvn_resp\org\thymeleaf\thymeleaf\3.0.12.RELEASE\thymeleaf-3.0.12.RELEASE.jar;D:\Maven\mvn_resp\org\attoparser\attoparser\2.0.5.RELEASE\attoparser-2.0.5.RELEASE.jar;D:\Maven\mvn_resp\org\unbescape\unbescape\1.1.6.RELEASE\unbescape-1.1.6.RELEASE.jar;D:\Maven\mvn_resp\org\slf4j\slf4j-api\1.7.30\slf4j-api-1.7.30.jar;D:\Maven\mvn_resp\org\thymeleaf\extras\thymeleaf-extras-java8time\3.0.4.RELEASE\thymeleaf-extras-java8time-3.0.4.RELEASE.jar;D:\Maven\mvn_resp\org\springframework\boot\spring-boot-starter-web\2.5.0\spring-boot-starter-web-2.5.0.jar;D:\Maven\mvn_resp\org\springframework\boot\spring-boot-starter-json\2.5.0\spring-boot-starter-json-2.5.0.jar;D:\Maven\mvn_resp\com\fasterxml\jackson\core\jackson-databind\2.12.3\jackson-databind-2.12.3.jar;D:\Maven\mvn_resp\com\fasterxml\jackson\core\jackson-annotations\2.12.3\jackson-annotations-2.12.3.jar;D:\Maven\mvn_resp\com\fasterxml\jackson\core\jackson-core\2.12.3\jackson-core-2.12.3.jar;D:\Maven\mvn_resp\com\fasterxml\jackson\datatype\jackson-datatype-jdk8\2.12.3\jackson-datatype-jdk8-2.12.3.jar;D:\Maven\mvn_resp\com\fasterxml\jackson\datatype\jackson-datatype-jsr310\2.12.3\jackson-datatype-jsr310-2.12.3.jar;D:\Maven\mvn_resp\com\fasterxml\jackson\module\jackson-module-parameter-names\2.12.3\jackson-module-parameter-names-2.12.3.jar;D:\Maven\mvn_resp\org\springframework\boot\spring-boot-starter-tomcat\2.5.0\spring-boot-starter-tomcat-2.5.0.jar;D:\Maven\mvn_resp\org\apache\tomcat\embed\tomcat-embed-core\9.0.46\tomcat-embed-core-9.0.46.jar;D:\Maven\mvn_resp\org\apache\tomcat\embed\tomcat-embed-websocket\9.0.46\tomcat-embed-websocket-9.0.46.jar;D:\Maven\mvn_resp\org\springframework\spring-web\5.3.7\spring-web-5.3.7.jar;D:\Maven\mvn_resp\org\springframework\spring-beans\5.3.7\spring-beans-5.3.7.jar;D:\Maven\mvn_resp\org\springframework\spring-webmvc\5.3.7\spring-webmvc-5.3.7.jar;D:\Maven\mvn_resp\org\springframework\spring-aop\5.3.7\spring-aop-5.3.7.jar;D:\Maven\mvn_resp\org\springframework\spring-context\5.3.7\spring-context-5.3.7.jar;D:\Maven\mvn_resp\org\springframework\spring-expression\5.3.7\spring-expression-5.3.7.jar;D:\Maven\mvn_resp\mysql\mysql-connector-java\8.0.25\mysql-connector-java-8.0.25.jar;D:\Maven\mvn_resp\org\projectlombok\lombok\1.18.20\lombok-1.18.20.jar;D:\Maven\mvn_resp\org\springframework\boot\spring-boot-starter-test\2.5.0\spring-boot-starter-test-2.5.0.jar;D:\Maven\mvn_resp\org\springframework\boot\spring-boot-test\2.5.0\spring-boot-test-2.5.0.jar;D:\Maven\mvn_resp\org\springframework\boot\spring-boot-test-autoconfigure\2.5.0\spring-boot-test-autoconfigure-2.5.0.jar;D:\Maven\mvn_resp\com\jayway\jsonpath\json-path\2.5.0\json-path-2.5.0.jar;D:\Maven\mvn_resp\net\minidev\json-smart\2.4.7\json-smart-2.4.7.jar;D:\Maven\mvn_resp\net\minidev\accessors-smart\2.4.7\accessors-smart-2.4.7.jar;D:\Maven\mvn_resp\org\ow2\asm\asm\9.1\asm-9.1.jar;D:\Maven\mvn_resp\jakarta\xml\bind\jakarta.xml.bind-api\2.3.3\jakarta.xml.bind-api-2.3.3.jar;D:\Maven\mvn_resp\jakarta\activation\jakarta.activation-api\1.2.2\jakarta.activation-api-1.2.2.jar;D:\Maven\mvn_resp\org\assertj\assertj-core\3.19.0\assertj-core-3.19.0.jar;D:\Maven\mvn_resp\org\hamcrest\hamcrest\2.2\hamcrest-2.2.jar;D:\Maven\mvn_resp\org\junit\jupiter\junit-jupiter\5.7.2\junit-jupiter-5.7.2.jar;D:\Maven\mvn_resp\org\junit\jupiter\junit-jupiter-api\5.7.2\junit-jupiter-api-5.7.2.jar;D:\Maven\mvn_resp\org\apiguardian\apiguardian-api\1.1.0\apiguardian-api-1.1.0.jar;D:\Maven\mvn_resp\org\opentest4j\opentest4j\1.2.0\opentest4j-1.2.0.jar;D:\Maven\mvn_resp\org\junit\platform\junit-platform-commons\1.7.2\junit-platform-commons-1.7.2.jar;D:\Maven\mvn_resp\org\junit\jupiter\junit-jupiter-params\5.7.2\junit-jupiter-params-5.7.2.jar;D:\Maven\mvn_resp\org\junit\jupiter\junit-jupiter-engine\5.7.2\junit-jupiter-engine-5.7.2.jar;D:\Maven\mvn_resp\org\junit\platform\junit-platform-engine\1.7.2\junit-platform-engine-1.7.2.jar;D:\Maven\mvn_resp\org\mockito\mockito-core\3.9.0\mockito-core-3.9.0.jar;D:\Maven\mvn_resp\net\bytebuddy\byte-buddy\1.10.22\byte-buddy-1.10.22.jar;D:\Maven\mvn_resp\net\bytebuddy\byte-buddy-agent\1.10.22\byte-buddy-agent-1.10.22.jar;D:\Maven\mvn_resp\org\objenesis\objenesis\3.2\objenesis-3.2.jar;D:\Maven\mvn_resp\org\mockito\mockito-junit-jupiter\3.9.0\mockito-junit-jupiter-3.9.0.jar;D:\Maven\mvn_resp\org\skyscreamer\jsonassert\1.5.0\jsonassert-1.5.0.jar;D:\Maven\mvn_resp\com\vaadin\external\google\android-json\0.0.20131108.vaadin1\android-json-0.0.20131108.vaadin1.jar;D:\Maven\mvn_resp\org\springframework\spring-core\5.3.7\spring-core-5.3.7.jar;D:\Maven\mvn_resp\org\springframework\spring-jcl\5.3.7\spring-jcl-5.3.7.jar;D:\Maven\mvn_resp\org\springframework\spring-test\5.3.7\spring-test-5.3.7.jar;D:\Maven\mvn_resp\org\xmlunit\xmlunit-core\2.8.2\xmlunit-core-2.8.2.jar;D:\Maven\mvn_resp\com\baomidou\mybatis-plus-boot-starter\3.4.2\mybatis-plus-boot-starter-3.4.2.jar;D:\Maven\mvn_resp\com\baomidou\mybatis-plus\3.4.2\mybatis-plus-3.4.2.jar;D:\Maven\mvn_resp\com\baomidou\mybatis-plus-extension\3.4.2\mybatis-plus-extension-3.4.2.jar;D:\Maven\mvn_resp\com\baomidou\mybatis-plus-core\3.4.2\mybatis-plus-core-3.4.2.jar;D:\Maven\mvn_resp\com\baomidou\mybatis-plus-annotation\3.4.2\mybatis-plus-annotation-3.4.2.jar;D:\Maven\mvn_resp\com\github\jsqlparser\jsqlparser\4.0\jsqlparser-4.0.jar;D:\Maven\mvn_resp\org\mybatis\mybatis\3.5.6\mybatis-3.5.6.jar;D:\Maven\mvn_resp\org\mybatis\mybatis-spring\2.0.5\mybatis-spring-2.0.5.jar;D:\Maven\mvn_resp\org\springframework\boot\spring-boot-autoconfigure\2.5.0\spring-boot-autoconfigure-2.5.0.jar;D:\Maven\mvn_resp\org\springframework\boot\spring-boot-starter-jdbc\2.5.0\spring-boot-starter-jdbc-2.5.0.jar;D:\Maven\mvn_resp\com\zaxxer\HikariCP\4.0.3\HikariCP-4.0.3.jar;D:\Maven\mvn_resp\org\springframework\spring-jdbc\5.3.7\spring-jdbc-5.3.7.jar;D:\Maven\mvn_resp\commons-codec\commons-codec\1.15\commons-codec-1.15.jar;D:\Maven\mvn_resp\org\apache\commons\commons-lang3\3.12.0\commons-lang3-3.12.0.jar;D:\Maven\mvn_resp\org\springframework\boot\spring-boot-starter-validation\2.5.0\spring-boot-starter-validation-2.5.0.jar;D:\Maven\mvn_resp\org\apache\tomcat\embed\tomcat-embed-el\9.0.46\tomcat-embed-el-9.0.46.jar;D:\Maven\mvn_resp\org\hibernate\validator\hibernate-validator\6.2.0.Final\hibernate-validator-6.2.0.Final.jar;D:\Maven\mvn_resp\jakarta\validation\jakarta.validation-api\2.0.2\jakarta.validation-api-2.0.2.jar;D:\Maven\mvn_resp\org\jboss\logging\jboss-logging\3.4.1.Final\jboss-logging-3.4.1.Final.jar;D:\Maven\mvn_resp\com\fasterxml\classmate\1.5.1\classmate-1.5.1.jar;D:\Maven\mvn_resp\org\springframework\boot\spring-boot-starter-data-redis\2.5.0\spring-boot-starter-data-redis-2.5.0.jar;D:\Maven\mvn_resp\org\springframework\data\spring-data-redis\2.5.1\spring-data-redis-2.5.1.jar;D:\Maven\mvn_resp\org\springframework\data\spring-data-keyvalue\2.5.1\spring-data-keyvalue-2.5.1.jar;D:\Maven\mvn_resp\org\springframework\data\spring-data-commons\2.5.1\spring-data-commons-2.5.1.jar;D:\Maven\mvn_resp\org\springframework\spring-tx\5.3.7\spring-tx-5.3.7.jar;D:\Maven\mvn_resp\org\springframework\spring-oxm\5.3.7\spring-oxm-5.3.7.jar;D:\Maven\mvn_resp\org\springframework\spring-context-support\5.3.7\spring-context-support-5.3.7.jar;D:\Maven\mvn_resp\io\lettuce\lettuce-core\6.1.2.RELEASE\lettuce-core-6.1.2.RELEASE.jar;D:\Maven\mvn_resp\io\netty\netty-common\4.1.65.Final\netty-common-4.1.65.Final.jar;D:\Maven\mvn_resp\io\netty\netty-handler\4.1.65.Final\netty-handler-4.1.65.Final.jar;D:\Maven\mvn_resp\io\netty\netty-resolver\4.1.65.Final\netty-resolver-4.1.65.Final.jar;D:\Maven\mvn_resp\io\netty\netty-buffer\4.1.65.Final\netty-buffer-4.1.65.Final.jar;D:\Maven\mvn_resp\io\netty\netty-codec\4.1.65.Final\netty-codec-4.1.65.Final.jar;D:\Maven\mvn_resp\io\netty\netty-transport\4.1.65.Final\netty-transport-4.1.65.Final.jar;D:\Maven\mvn_resp\io\projectreactor\reactor-core\3.4.6\reactor-core-3.4.6.jar;D:\Maven\mvn_resp\org\reactivestreams\reactive-streams\1.0.3\reactive-streams-1.0.3.jar;D:\Maven\mvn_resp\org\apache\commons\commons-pool2\2.9.0\commons-pool2-2.9.0.jar;"/>
    <property name="sun.cpu.endian" value="little"/>
    <property name="user.home" value="C:\Users\Jade"/>
    <property name="user.language" value="zh"/>
    <property name="java.specification.vendor" value="Oracle Corporation"/>
    <property name="java.home" value="C:\Program Files\Java\jdk1.8.0_172\jre"/>
    <property name="basedir" value="D:\JAVA_Project\seckill-demo"/>
    <property name="file.separator" value="\"/>
    <property name="line.separator" value="&#10;"/>
    <property name="java.vm.specification.vendor" value="Oracle Corporation"/>
    <property name="java.specification.name" value="Java Platform API Specification"/>
    <property name="java.awt.graphicsenv" value="sun.awt.Win32GraphicsEnvironment"/>
    <property name="idea.version2020.1.2" value="true"/>
    <property name="surefire.real.class.path" value="C:\Users\Jade\AppData\Local\Temp\surefire9078351702402596792\surefirebooter561144994918581877.jar"/>
    <property name="sun.boot.class.path" value="C:\Program Files\Java\jdk1.8.0_172\jre\lib\resources.jar;C:\Program Files\Java\jdk1.8.0_172\jre\lib\rt.jar;C:\Program Files\Java\jdk1.8.0_172\jre\lib\sunrsasign.jar;C:\Program Files\Java\jdk1.8.0_172\jre\lib\jsse.jar;C:\Program Files\Java\jdk1.8.0_172\jre\lib\jce.jar;C:\Program Files\Java\jdk1.8.0_172\jre\lib\charsets.jar;C:\Program Files\Java\jdk1.8.0_172\jre\lib\jfr.jar;C:\Program Files\Java\jdk1.8.0_172\jre\classes"/>
    <property name="user.script" value=""/>
    <property name="sun.management.compiler" value="HotSpot 64-Bit Tiered Compilers"/>
    <property name="java.runtime.version" value="1.8.0_172-b11"/>
    <property name="user.name" value="Jade"/>
    <property name="path.separator" value=";"/>
    <property name="os.version" value="10.0"/>
    <property name="java.endorsed.dirs" value="C:\Program Files\Java\jdk1.8.0_172\jre\lib\endorsed"/>
    <property name="java.runtime.name" value="Java(TM) SE Runtime Environment"/>
    <property name="file.encoding" value="GBK"/>
    <property name="java.vm.name" value="Java HotSpot(TM) 64-Bit Server VM"/>
    <property name="localRepository" value="D:\Maven\mvn_resp"/>
    <property name="java.vendor.url.bug" value="http://bugreport.sun.com/bugreport/"/>
    <property name="java.io.tmpdir" value="C:\Users\Jade\AppData\Local\Temp\"/>
    <property name="java.version" value="1.8.0_172"/>
    <property name="user.dir" value="D:\JAVA_Project\seckill-demo"/>
    <property name="os.arch" value="amd64"/>
    <property name="java.vm.specification.name" value="Java Virtual Machine Specification"/>
    <property name="java.awt.printerjob" value="sun.awt.windows.WPrinterJob"/>
    <property name="sun.os.patch.level" value=""/>
    <property name="java.library.path" value="C:\Program Files\Java\jdk1.8.0_172\jre\bin;C:\Windows\Sun\Java\bin;C:\Windows\system32;C:\Windows;D:\VMware\bin\;C:\Program Files (x86)\Common Files\Oracle\Java\javapath;C:\Program Files\NVIDIA GPU Computing Toolkit\CUDA\v11.1\bin;C:\Program Files\NVIDIA GPU Computing Toolkit\CUDA\v11.1\libnvvp;C:\Windows\system32;C:\Windows;C:\Windows\System32\Wbem;C:\Windows\System32\WindowsPowerShell\v1.0\;C:\Windows\System32\OpenSSH\;C:\Program Files (x86)\NVIDIA Corporation\PhysX\Common;C:\Program Files\NVIDIA Corporation\NVIDIA NvDLISR;E:\Git\cmd;E:\putty\;E:\MATLAB\runtime\win64;E:\MATLAB\bin;E:\MATLAB\polyspace\bin;C:\Program Files\NVIDIA Corporation\Nsight Compute 2020.2.0\;C:\Program Files\NVIDIA GPU Computing Toolkit\CUDA\v11.1\bin;C:\Program Files\NVIDIA GPU Computing Toolkit\CUDA\v11.1\lib\x64;C:\ProgramData\NVIDIA Corporation\CUDA Samples\v11.1\bin\win64;C:\Program Files\Java\jdk1.8.0_172\bin;C:\ProgramData\NVIDIA Corporation\CUDA Samples\v11.1\common\lib\x64;C:\Program Files\NVIDIA GPU Computing Toolkit\CUDA\v11.1\lib\x64;C:\Program Files\NVIDIA GPU Computing Toolkit\CUDA\v11.1\bin;C:\ProgramData\NVIDIA Corporation\CUDA Samples\v11.1\common\lib\x64;C:\ProgramData\NVIDIA Corporation\CUDA Samples\v11.1\bin\win64;C:\Program Files\nodejs\;C:\Program Files\Java\jdk1.8.0_172\jre\bin;D:\mysql\bin;D:\Maven\bin;E:\Anaconda;E:\Anaconda\Library\mingw-w64\bin;E:\Anaconda\Library\usr\bin;E:\Anaconda\Library\bin;E:\Anaconda\Scripts;C:\Users\Jade\AppData\Local\Microsoft\WindowsApps;D:\Microsoft VS Code\bin;E:\texlive\2021\bin\win32;C:\Users\Jade\AppData\Roaming\npm;."/>
    <property name="java.vm.info" value="mixed mode"/>
    <property name="java.vendor" value="Oracle Corporation"/>
    <property name="java.vm.version" value="25.172-b11"/>
    <property name="java.ext.dirs" value="C:\Program Files\Java\jdk1.8.0_172\jre\lib\ext;C:\Windows\Sun\Java\lib\ext"/>
    <property name="sun.io.unicode.encoding" value="UnicodeLittle"/>
    <property name="java.class.version" value="52.0"/>
  </properties>
  <testcase name="contextLoads" classname="com.example.seckilldemo.SeckillDemoApplicationTests" time="0.164"/>
</testsuite>